<?xml version="1.0" encoding="UTF-8"?>
<!-- Generated by org.testng.reporters.JUnitReportReporter -->
<testsuite hostname="DESKTOP-MM8AJ4J" failures="0" tests="2" name="com.orangehrm.tests.LoginTest" time="16.055" errors="0" timestamp="2025-12-20T23:43:33 GST" skipped="0">
  <testcase classname="com.orangehrm.tests.LoginTest" name="invalidLoginShowsErrorMessage" time="8.407"/>
  <testcase classname="com.orangehrm.tests.LoginTest" name="validLoginTest" time="7.648"/>
</testsuite> <!-- com.orangehrm.tests.LoginTest -->
