<?xml version="1.0" encoding="UTF-8"?>
<!-- Generated by org.testng.reporters.JUnitXMLReporter -->
<testsuite ignored="2" hostname="DESKTOP-MM8AJ4J" failures="0" tests="4" name="Surefire test" time="36.928" errors="0" timestamp="2025-12-20T23:43:33 GST">
  <testcase classname="com.orangehrm.tests.LoginTest" name="invalidLoginShowsErrorMessage" time="2.185"/>
  <testcase classname="com.orangehrm.tests.LoginTest" name="validLoginTest" time="2.187"/>
  <testcase classname="com.orangehrm.tests.LogoutTest" name="userCanLogoutSuccessfully" time="4.174"/>
  <testcase classname="com.orangehrm.tests.UnauthorizedAccessTest" name="cannotAccessRestrictedPageAfterLogout" time="5.493"/>
  <testcase classname="com.orangehrm.tests.AssignLeaveTest" name="assignLeaveWithPastDate_shouldBeRejected_bug01" time="0.0">
    <ignored/>
  </testcase> <!-- assignLeaveWithPastDate_shouldBeRejected_bug01 -->
  <testcase classname="com.orangehrm.tests.AssignLeaveTest" name="assignLeaveWithFutureDates_shouldSucceed" time="0.0">
    <ignored/>
  </testcase> <!-- assignLeaveWithFutureDates_shouldSucceed -->
</testsuite> <!-- Surefire test -->
